[90m12:40AM[0m [33mDBG[0m 09.04.2022
[90m2:40AM[0m [33mDBG[0m 09.04.2022
[90m3:05AM[0m [33mDBG[0m 09.04.2022
[90m10:42PM[0m [33mDBG[0m 10.04.2022
[90m10:42PM[0m [33mDBG[0m Error reading the file
[90m10:42PM[0m [33mDBG[0m open /Users/apoloalcaide/Developer/Journal/bullet/10.04.2022.yaml: no such file or directory
[90m10:42PM[0m [33mDBG[0m 10.04.2022
[90m11:43PM[0m [33mDBG[0m 10.04.2022
[90m11:43PM[0m [33mDBG[0m 10.04.2022
[90m11:44PM[0m [33mDBG[0m 10.04.2022
[90m11:45PM[0m [33mDBG[0m 10.04.2022
[90m11:45PM[0m [33mDBG[0m 10.04.2022
[90m11:46PM[0m [33mDBG[0m 10.04.2022
[90m11:46PM[0m [33mDBG[0m 10.04.2022
[90m11:46PM[0m [33mDBG[0m 10.04.2022
[90m11:48PM[0m [33mDBG[0m 10.04.2022
[90m11:50PM[0m [33mDBG[0m 10.04.2022
[90m11:50PM[0m [33mDBG[0m 10.04.2022
[90m11:51PM[0m [33mDBG[0m 10.04.2022
[90m12:00AM[0m [33mDBG[0m 11.04.2022
[90m12:00AM[0m [33mDBG[0m Error reading the file
[90m12:00AM[0m [33mDBG[0m open /Users/apoloalcaide/Developer/Journal/bullet/11.04.2022.yaml: no such file or directory
[90m12:00AM[0m [33mDBG[0m 11.04.2022
[90m12:00AM[0m [33mDBG[0m 11.04.2022
[90m12:29AM[0m [33mDBG[0m 11.04.2022
[90m12:30AM[0m [33mDBG[0m 11.04.2022
[90m12:37AM[0m [33mDBG[0m 11.04.2022
[90m12:37AM[0m [33mDBG[0m 11.04.2022
[90m12:38AM[0m [33mDBG[0m 11.04.2022
[90m12:39AM[0m [33mDBG[0m 11.04.2022
[90m12:40AM[0m [33mDBG[0m 11.04.2022
[90m12:49AM[0m [33mDBG[0m 11.04.2022
[90m12:51AM[0m [33mDBG[0m 11.04.2022
[90m12:51AM[0m [33mDBG[0m 11.04.2022
[90m12:52AM[0m [33mDBG[0m 11.04.2022
[90m12:53AM[0m [33mDBG[0m 11.04.2022
[90m12:53AM[0m [33mDBG[0m 11.04.2022
[90m12:55AM[0m [33mDBG[0m 11.04.2022
[90m12:57AM[0m [33mDBG[0m 11.04.2022
[90m12:57AM[0m [33mDBG[0m 11.04.2022
[90m12:58AM[0m [33mDBG[0m 11.04.2022
[90m12:59AM[0m [33mDBG[0m 11.04.2022
[90m1:03AM[0m [33mDBG[0m 11.04.2022
[90m1:04AM[0m [33mDBG[0m 11.04.2022
[90m1:06AM[0m [33mDBG[0m 11.04.2022
[90m1:13AM[0m [33mDBG[0m 11.04.2022
[90m1:13AM[0m [33mDBG[0m 11.04.2022
[90m1:14AM[0m [33mDBG[0m 11.04.2022
[90m1:15AM[0m [33mDBG[0m 11.04.2022
[90m1:15AM[0m [33mDBG[0m 11.04.2022
[90m1:17AM[0m [33mDBG[0m 11.04.2022
[90m10:10AM[0m [33mDBG[0m 11.04.2022
[90m10:10AM[0m [33mDBG[0m 11.04.2022
[90m10:11AM[0m [33mDBG[0m 11.04.2022
[90m10:11AM[0m [33mDBG[0m 11.04.2022
[90m10:12AM[0m [33mDBG[0m 11.04.2022
[90m10:14AM[0m [33mDBG[0m 11.04.2022
[90m10:15AM[0m [33mDBG[0m 11.04.2022
[90m10:16AM[0m [33mDBG[0m 11.04.2022
[90m10:16AM[0m [33mDBG[0m 11.04.2022
[90m10:17AM[0m [33mDBG[0m 11.04.2022
[90m10:18AM[0m [33mDBG[0m 11.04.2022
[90m10:19AM[0m [33mDBG[0m 11.04.2022
[90m10:20AM[0m [33mDBG[0m 11.04.2022
[90m10:21AM[0m [33mDBG[0m 11.04.2022
[90m10:23AM[0m [33mDBG[0m 11.04.2022
[90m10:24AM[0m [33mDBG[0m 11.04.2022
[90m10:25AM[0m [33mDBG[0m 11.04.2022
[90m10:26AM[0m [33mDBG[0m 11.04.2022
[90m10:28AM[0m [33mDBG[0m 11.04.2022
[90m10:39AM[0m [33mDBG[0m 11.04.2022
[90m10:39AM[0m [33mDBG[0m 11.04.2022
[90m10:40AM[0m [33mDBG[0m 11.04.2022
[90m10:42AM[0m [33mDBG[0m 11.04.2022
[90m10:44AM[0m [33mDBG[0m 11.04.2022
[90m10:44AM[0m [33mDBG[0m 11.04.2022
[90m10:46AM[0m [33mDBG[0m 11.04.2022
[90m10:47AM[0m [33mDBG[0m 11.04.2022
[90m10:47AM[0m [33mDBG[0m 11.04.2022
[90m10:48AM[0m [33mDBG[0m 11.04.2022
[90m10:48AM[0m [33mDBG[0m 11.04.2022
[90m10:49AM[0m [33mDBG[0m 11.04.2022
[90m10:49AM[0m [33mDBG[0m 11.04.2022
[90m10:49AM[0m [33mDBG[0m 11.04.2022
[90m10:50AM[0m [33mDBG[0m 11.04.2022
[90m10:50AM[0m [33mDBG[0m 11.04.2022
[90m10:53AM[0m [33mDBG[0m 11.04.2022
[90m10:53AM[0m [33mDBG[0m 11.04.2022
[90m10:54AM[0m [33mDBG[0m 11.04.2022
[90m10:55AM[0m [33mDBG[0m 11.04.2022
[90m10:55AM[0m [33mDBG[0m 11.04.2022
[90m10:56AM[0m [33mDBG[0m 11.04.2022
[90m10:56AM[0m [33mDBG[0m 11.04.2022
[90m10:57AM[0m [33mDBG[0m 11.04.2022
[90m10:58AM[0m [33mDBG[0m 11.04.2022
